{"C:\\Users\\M05L02\\Documents\\Fatec\\Bocadinhos\\Arrumando\\Bocadinhos\\src\\DataSource.ts": {"path":"C:\\Users\\M05L02\\Documents\\Fatec\\Bocadinhos\\Arrumando\\Bocadinhos\\src\\DataSource.ts","statementMap":{"0":{"start":{"line":1,"column":0},"end":{"line":1,"column":26}},"1":{"start":{"line":2,"column":0},"end":{"line":2,"column":37}},"2":{"start":{"line":3,"column":0},"end":{"line":3,"column":33}},"3":{"start":{"line":5,"column":0},"end":{"line":5,"column":16}},"4":{"start":{"line":7,"column":13},"end":{"line":21,"column":3}},"5":{"start":{"line":23,"column":0},"end":{"line":29,"column":7}},"6":{"start":{"line":25,"column":8},"end":{"line":25,"column":65}},"7":{"start":{"line":28,"column":8},"end":{"line":28,"column":67}}},"fnMap":{"0":{"name":"(anonymous_6)","decl":{"start":{"line":24,"column":10},"end":{"line":24,"column":13}},"loc":{"start":{"line":24,"column":15},"end":{"line":26,"column":5}}},"1":{"name":"(anonymous_7)","decl":{"start":{"line":27,"column":11},"end":{"line":27,"column":12}},"loc":{"start":{"line":27,"column":21},"end":{"line":29,"column":5}}}},"branchMap":{},"s":{"0":0,"1":0,"2":0,"3":0,"4":0,"5":0,"6":0,"7":0},"f":{"0":0,"1":0},"b":{}}
,"C:\\Users\\M05L02\\Documents\\Fatec\\Bocadinhos\\Arrumando\\Bocadinhos\\src\\app.ts": {"path":"C:\\Users\\M05L02\\Documents\\Fatec\\Bocadinhos\\Arrumando\\Bocadinhos\\src\\app.ts","statementMap":{"0":{"start":{"line":1,"column":0},"end":{"line":1,"column":30}},"1":{"start":{"line":2,"column":0},"end":{"line":2,"column":51}},"2":{"start":{"line":3,"column":0},"end":{"line":3,"column":53}},"3":{"start":{"line":9,"column":4},"end":{"line":9,"column":28}},"4":{"start":{"line":10,"column":4},"end":{"line":10,"column":18}},"5":{"start":{"line":14,"column":4},"end":{"line":14,"column":36}},"6":{"start":{"line":15,"column":4},"end":{"line":15,"column":48}},"7":{"start":{"line":16,"column":4},"end":{"line":16,"column":51}},"8":{"start":{"line":20,"column":0},"end":{"line":20,"column":32}}},"fnMap":{"0":{"name":"(anonymous_1)","decl":{"start":{"line":8,"column":2},"end":{"line":8,"column":null}},"loc":{"start":{"line":8,"column":2},"end":{"line":11,"column":3}}},"1":{"name":"(anonymous_2)","decl":{"start":{"line":13,"column":10},"end":{"line":13,"column":16}},"loc":{"start":{"line":13,"column":16},"end":{"line":17,"column":3}}}},"branchMap":{},"s":{"0":0,"1":0,"2":0,"3":0,"4":0,"5":0,"6":0,"7":0,"8":0},"f":{"0":0,"1":0},"b":{}}
,"C:\\Users\\M05L02\\Documents\\Fatec\\Bocadinhos\\Arrumando\\Bocadinhos\\src\\index.ts": {"path":"C:\\Users\\M05L02\\Documents\\Fatec\\Bocadinhos\\Arrumando\\Bocadinhos\\src\\index.ts","statementMap":{"0":{"start":{"line":1,"column":0},"end":{"line":1,"column":26}},"1":{"start":{"line":2,"column":0},"end":{"line":2,"column":23}},"2":{"start":{"line":3,"column":0},"end":{"line":3,"column":24}},"3":{"start":{"line":4,"column":0},"end":{"line":4,"column":45}},"4":{"start":{"line":6,"column":0},"end":{"line":13,"column":84}},"5":{"start":{"line":7,"column":21},"end":{"line":12,"column":6}},"6":{"start":{"line":8,"column":8},"end":{"line":8,"column":50}},"7":{"start":{"line":9,"column":8},"end":{"line":11,"column":11}},"8":{"start":{"line":10,"column":12},"end":{"line":10,"column":82}},"9":{"start":{"line":13,"column":20},"end":{"line":13,"column":82}}},"fnMap":{"0":{"name":"(anonymous_8)","decl":{"start":{"line":7,"column":10},"end":{"line":7,"column":19}},"loc":{"start":{"line":7,"column":21},"end":{"line":12,"column":6}}},"1":{"name":"(anonymous_9)","decl":{"start":{"line":7,"column":21},"end":{"line":7,"column":null}},"loc":{"start":{"line":7,"column":21},"end":{"line":12,"column":5}}},"2":{"name":"(anonymous_10)","decl":{"start":{"line":9,"column":36},"end":{"line":9,"column":39}},"loc":{"start":{"line":9,"column":41},"end":{"line":11,"column":9}}},"3":{"name":"(anonymous_11)","decl":{"start":{"line":13,"column":11},"end":{"line":13,"column":16}},"loc":{"start":{"line":13,"column":20},"end":{"line":13,"column":82}}}},"branchMap":{"0":{"loc":{"start":{"line":8,"column":24},"end":{"line":8,"column":48}},"type":"binary-expr","locations":[{"start":{"line":8,"column":24},"end":{"line":8,"column":40}},{"start":{"line":8,"column":44},"end":{"line":8,"column":48}}]}},"s":{"0":0,"1":0,"2":0,"3":0,"4":0,"5":0,"6":0,"7":0,"8":0,"9":0},"f":{"0":0,"1":0,"2":0,"3":0},"b":{"0":[0,0]}}
,"C:\\Users\\M05L02\\Documents\\Fatec\\Bocadinhos\\Arrumando\\Bocadinhos\\src\\Schema\\CategoryShema.ts": {"path":"C:\\Users\\M05L02\\Documents\\Fatec\\Bocadinhos\\Arrumando\\Bocadinhos\\src\\Schema\\CategoryShema.ts","statementMap":{"0":{"start":{"line":1,"column":0},"end":{"line":1,"column":24}},"1":{"start":{"line":3,"column":23},"end":{"line":5,"column":2}},"2":{"start":{"line":7,"column":0},"end":{"line":7,"column":30}}},"fnMap":{},"branchMap":{},"s":{"0":0,"1":0,"2":0},"f":{},"b":{}}
,"C:\\Users\\M05L02\\Documents\\Fatec\\Bocadinhos\\Arrumando\\Bocadinhos\\src\\Schema\\ProductShema.ts": {"path":"C:\\Users\\M05L02\\Documents\\Fatec\\Bocadinhos\\Arrumando\\Bocadinhos\\src\\Schema\\ProductShema.ts","statementMap":{"0":{"start":{"line":1,"column":0},"end":{"line":1,"column":24}},"1":{"start":{"line":3,"column":21},"end":{"line":11,"column":2}},"2":{"start":{"line":13,"column":0},"end":{"line":13,"column":28}}},"fnMap":{},"branchMap":{},"s":{"0":0,"1":0,"2":0},"f":{},"b":{}}
,"C:\\Users\\M05L02\\Documents\\Fatec\\Bocadinhos\\Arrumando\\Bocadinhos\\src\\controller\\CategoryController.ts": {"path":"C:\\Users\\M05L02\\Documents\\Fatec\\Bocadinhos\\Arrumando\\Bocadinhos\\src\\controller\\CategoryController.ts","statementMap":{"0":{"start":{"line":3,"column":0},"end":{"line":3,"column":24}},"1":{"start":{"line":4,"column":0},"end":{"line":4,"column":57}},"2":{"start":{"line":11,"column":8},"end":{"line":11,"column":63}},"3":{"start":{"line":15,"column":12},"end":{"line":24,"column":13}},"4":{"start":{"line":16,"column":39},"end":{"line":16,"column":94}},"5":{"start":{"line":17,"column":16},"end":{"line":17,"column":65}},"6":{"start":{"line":19,"column":16},"end":{"line":23,"column":17}},"7":{"start":{"line":20,"column":20},"end":{"line":20,"column":80}},"8":{"start":{"line":22,"column":20},"end":{"line":22,"column":81}},"9":{"start":{"line":28,"column":8},"end":{"line":33,"column":9}},"10":{"start":{"line":29,"column":31},"end":{"line":29,"column":77}},"11":{"start":{"line":30,"column":12},"end":{"line":30,"column":57}},"12":{"start":{"line":32,"column":12},"end":{"line":32,"column":73}},"13":{"start":{"line":37,"column":8},"end":{"line":42,"column":9}},"14":{"start":{"line":38,"column":29},"end":{"line":38,"column":104}},"15":{"start":{"line":39,"column":12},"end":{"line":39,"column":55}},"16":{"start":{"line":41,"column":12},"end":{"line":41,"column":73}},"17":{"start":{"line":6,"column":0},"end":{"line":6,"column":21}}},"fnMap":{"0":{"name":"(anonymous_8)","decl":{"start":{"line":10,"column":4},"end":{"line":10,"column":16}},"loc":{"start":{"line":10,"column":38},"end":{"line":12,"column":5}}},"1":{"name":"(anonymous_9)","decl":{"start":{"line":14,"column":14},"end":{"line":14,"column":28}},"loc":{"start":{"line":14,"column":65},"end":{"line":25,"column":null}}},"2":{"name":"(anonymous_11)","decl":{"start":{"line":27,"column":10},"end":{"line":27,"column":27}},"loc":{"start":{"line":27,"column":64},"end":{"line":34,"column":null}}},"3":{"name":"(anonymous_13)","decl":{"start":{"line":36,"column":10},"end":{"line":36,"column":37}},"loc":{"start":{"line":36,"column":74},"end":{"line":43,"column":null}}}},"branchMap":{"0":{"loc":{"start":{"line":19,"column":16},"end":{"line":23,"column":17}},"type":"if","locations":[{"start":{"line":19,"column":16},"end":{"line":23,"column":17}},{"start":{"line":21,"column":23},"end":{"line":23,"column":17}}]}},"s":{"0":1,"1":1,"2":7,"3":3,"4":3,"5":1,"6":2,"7":1,"8":1,"9":2,"10":2,"11":1,"12":1,"13":2,"14":2,"15":1,"16":1,"17":1},"f":{"0":7,"1":3,"2":2,"3":2},"b":{"0":[1,1]}}
,"C:\\Users\\M05L02\\Documents\\Fatec\\Bocadinhos\\Arrumando\\Bocadinhos\\src\\controller\\ProductController.ts": {"path":"C:\\Users\\M05L02\\Documents\\Fatec\\Bocadinhos\\Arrumando\\Bocadinhos\\src\\controller\\ProductController.ts","statementMap":{"0":{"start":{"line":2,"column":0},"end":{"line":2,"column":55}},"1":{"start":{"line":4,"column":0},"end":{"line":4,"column":24}},"2":{"start":{"line":11,"column":8},"end":{"line":11,"column":61}},"3":{"start":{"line":15,"column":8},"end":{"line":24,"column":9}},"4":{"start":{"line":16,"column":34},"end":{"line":16,"column":87}},"5":{"start":{"line":17,"column":12},"end":{"line":17,"column":60}},"6":{"start":{"line":19,"column":12},"end":{"line":23,"column":13}},"7":{"start":{"line":20,"column":16},"end":{"line":20,"column":null}},"8":{"start":{"line":22,"column":16},"end":{"line":22,"column":null}},"9":{"start":{"line":28,"column":8},"end":{"line":33,"column":9}},"10":{"start":{"line":29,"column":29},"end":{"line":29,"column":72}},"11":{"start":{"line":30,"column":12},"end":{"line":30,"column":55}},"12":{"start":{"line":32,"column":12},"end":{"line":32,"column":null}},"13":{"start":{"line":38,"column":8},"end":{"line":43,"column":9}},"14":{"start":{"line":39,"column":28},"end":{"line":39,"column":96}},"15":{"start":{"line":40,"column":12},"end":{"line":40,"column":54}},"16":{"start":{"line":42,"column":12},"end":{"line":42,"column":null}},"17":{"start":{"line":47,"column":8},"end":{"line":56,"column":9}},"18":{"start":{"line":48,"column":35},"end":{"line":48,"column":115}},"19":{"start":{"line":49,"column":12},"end":{"line":49,"column":61}},"20":{"start":{"line":51,"column":12},"end":{"line":55,"column":13}},"21":{"start":{"line":52,"column":16},"end":{"line":52,"column":null}},"22":{"start":{"line":54,"column":16},"end":{"line":54,"column":null}},"23":{"start":{"line":60,"column":8},"end":{"line":65,"column":9}},"24":{"start":{"line":61,"column":12},"end":{"line":61,"column":79}},"25":{"start":{"line":62,"column":12},"end":{"line":62,"column":78}},"26":{"start":{"line":64,"column":12},"end":{"line":64,"column":null}},"27":{"start":{"line":6,"column":0},"end":{"line":6,"column":21}}},"fnMap":{"0":{"name":"(anonymous_8)","decl":{"start":{"line":10,"column":4},"end":{"line":10,"column":16}},"loc":{"start":{"line":10,"column":38},"end":{"line":12,"column":5}}},"1":{"name":"(anonymous_9)","decl":{"start":{"line":14,"column":10},"end":{"line":14,"column":23}},"loc":{"start":{"line":14,"column":60},"end":{"line":25,"column":null}}},"2":{"name":"(anonymous_11)","decl":{"start":{"line":27,"column":10},"end":{"line":27,"column":25}},"loc":{"start":{"line":27,"column":62},"end":{"line":34,"column":null}}},"3":{"name":"(anonymous_13)","decl":{"start":{"line":37,"column":10},"end":{"line":37,"column":25}},"loc":{"start":{"line":37,"column":62},"end":{"line":44,"column":null}}},"4":{"name":"(anonymous_15)","decl":{"start":{"line":46,"column":10},"end":{"line":46,"column":23}},"loc":{"start":{"line":46,"column":60},"end":{"line":57,"column":null}}},"5":{"name":"(anonymous_17)","decl":{"start":{"line":59,"column":10},"end":{"line":59,"column":23}},"loc":{"start":{"line":59,"column":60},"end":{"line":66,"column":null}}}},"branchMap":{"0":{"loc":{"start":{"line":19,"column":12},"end":{"line":23,"column":13}},"type":"if","locations":[{"start":{"line":19,"column":12},"end":{"line":23,"column":13}},{"start":{"line":21,"column":17},"end":{"line":23,"column":13}}]},"1":{"loc":{"start":{"line":51,"column":12},"end":{"line":55,"column":13}},"type":"if","locations":[{"start":{"line":51,"column":12},"end":{"line":55,"column":13}},{"start":{"line":53,"column":17},"end":{"line":55,"column":13}}]}},"s":{"0":0,"1":0,"2":0,"3":0,"4":0,"5":0,"6":0,"7":0,"8":0,"9":0,"10":0,"11":0,"12":0,"13":0,"14":0,"15":0,"16":0,"17":0,"18":0,"19":0,"20":0,"21":0,"22":0,"23":0,"24":0,"25":0,"26":0,"27":0},"f":{"0":0,"1":0,"2":0,"3":0,"4":0,"5":0},"b":{"0":[0,0],"1":[0,0]}}
,"C:\\Users\\M05L02\\Documents\\Fatec\\Bocadinhos\\Arrumando\\Bocadinhos\\src\\entity\\Category.ts": {"path":"C:\\Users\\M05L02\\Documents\\Fatec\\Bocadinhos\\Arrumando\\Bocadinhos\\src\\entity\\Category.ts","statementMap":{"0":{"start":{"line":1,"column":0},"end":{"line":1,"column":65}},"1":{"start":{"line":4,"column":7},"end":{"line":12,"column":null}},"2":{"start":{"line":4,"column":13},"end":{"line":4,"column":21}},"3":{"start":{"line":7,"column":4},"end":{"line":7,"column":null}},"4":{"start":{"line":10,"column":4},"end":{"line":10,"column":null}},"5":{"start":{"line":4,"column":13},"end":{"line":12,"column":null}}},"fnMap":{},"branchMap":{},"s":{"0":3,"1":3,"2":3,"3":3,"4":3,"5":3},"f":{},"b":{}}
,"C:\\Users\\M05L02\\Documents\\Fatec\\Bocadinhos\\Arrumando\\Bocadinhos\\src\\entity\\Product.ts": {"path":"C:\\Users\\M05L02\\Documents\\Fatec\\Bocadinhos\\Arrumando\\Bocadinhos\\src\\entity\\Product.ts","statementMap":{"0":{"start":{"line":1,"column":0},"end":{"line":1,"column":76}},"1":{"start":{"line":2,"column":0},"end":{"line":2,"column":38}},"2":{"start":{"line":5,"column":7},"end":{"line":23,"column":null}},"3":{"start":{"line":5,"column":13},"end":{"line":5,"column":20}},"4":{"start":{"line":7,"column":4},"end":{"line":7,"column":null}},"5":{"start":{"line":10,"column":4},"end":{"line":10,"column":null}},"6":{"start":{"line":13,"column":4},"end":{"line":13,"column":null}},"7":{"start":{"line":16,"column":4},"end":{"line":16,"column":null}},"8":{"start":{"line":19,"column":4},"end":{"line":19,"column":null}},"9":{"start":{"line":22,"column":4},"end":{"line":22,"column":null}},"10":{"start":{"line":21,"column":21},"end":{"line":21,"column":29}},"11":{"start":{"line":5,"column":13},"end":{"line":23,"column":null}}},"fnMap":{"0":{"name":"(anonymous_2)","decl":{"start":{"line":21,"column":15},"end":{"line":21,"column":18}},"loc":{"start":{"line":21,"column":21},"end":{"line":21,"column":29}}}},"branchMap":{},"s":{"0":2,"1":2,"2":2,"3":2,"4":2,"5":2,"6":2,"7":2,"8":2,"9":2,"10":0,"11":2},"f":{"0":0},"b":{}}
,"C:\\Users\\M05L02\\Documents\\Fatec\\Bocadinhos\\Arrumando\\Bocadinhos\\src\\middleware\\CategoryMiddleware.ts": {"path":"C:\\Users\\M05L02\\Documents\\Fatec\\Bocadinhos\\Arrumando\\Bocadinhos\\src\\middleware\\CategoryMiddleware.ts","statementMap":{"0":{"start":{"line":2,"column":0},"end":{"line":2,"column":53}},"1":{"start":{"line":5,"column":2},"end":{"line":14,"column":3}},"2":{"start":{"line":6,"column":4},"end":{"line":6,"column":35}},"3":{"start":{"line":7,"column":4},"end":{"line":7,"column":11}},"4":{"start":{"line":9,"column":4},"end":{"line":13,"column":5}},"5":{"start":{"line":10,"column":6},"end":{"line":10,"column":60}},"6":{"start":{"line":12,"column":6},"end":{"line":12,"column":45}},"7":{"start":{"line":18,"column":2},"end":{"line":24,"column":3}},"8":{"start":{"line":19,"column":4},"end":{"line":19,"column":72}},"9":{"start":{"line":20,"column":9},"end":{"line":24,"column":3}},"10":{"start":{"line":21,"column":4},"end":{"line":21,"column":95}},"11":{"start":{"line":23,"column":4},"end":{"line":23,"column":11}},"12":{"start":{"line":27,"column":0},"end":{"line":27,"column":51}}},"fnMap":{"0":{"name":"CategoryValidator","decl":{"start":{"line":4,"column":9},"end":{"line":4,"column":26}},"loc":{"start":{"line":4,"column":74},"end":{"line":15,"column":1}}},"1":{"name":"categoryName","decl":{"start":{"line":17,"column":9},"end":{"line":17,"column":21}},"loc":{"start":{"line":17,"column":69},"end":{"line":25,"column":1}}}},"branchMap":{"0":{"loc":{"start":{"line":9,"column":4},"end":{"line":13,"column":5}},"type":"if","locations":[{"start":{"line":9,"column":4},"end":{"line":13,"column":5}},{"start":{"line":11,"column":11},"end":{"line":13,"column":5}}]},"1":{"loc":{"start":{"line":18,"column":2},"end":{"line":24,"column":3}},"type":"if","locations":[{"start":{"line":18,"column":2},"end":{"line":24,"column":3}},{"start":{"line":20,"column":9},"end":{"line":24,"column":3}}]},"2":{"loc":{"start":{"line":20,"column":9},"end":{"line":24,"column":3}},"type":"if","locations":[{"start":{"line":20,"column":9},"end":{"line":24,"column":3}},{"start":{"line":22,"column":9},"end":{"line":24,"column":3}}]}},"s":{"0":0,"1":0,"2":0,"3":0,"4":0,"5":0,"6":0,"7":0,"8":0,"9":0,"10":0,"11":0,"12":0},"f":{"0":0,"1":0},"b":{"0":[0,0],"1":[0,0],"2":[0,0]}}
,"C:\\Users\\M05L02\\Documents\\Fatec\\Bocadinhos\\Arrumando\\Bocadinhos\\src\\middleware\\ProductMiddleware.ts": {"path":"C:\\Users\\M05L02\\Documents\\Fatec\\Bocadinhos\\Arrumando\\Bocadinhos\\src\\middleware\\ProductMiddleware.ts","statementMap":{"0":{"start":{"line":2,"column":0},"end":{"line":2,"column":50}},"1":{"start":{"line":5,"column":4},"end":{"line":18,"column":5}},"2":{"start":{"line":6,"column":6},"end":{"line":6,"column":35}},"3":{"start":{"line":7,"column":6},"end":{"line":7,"column":13}},"4":{"start":{"line":9,"column":6},"end":{"line":17,"column":7}},"5":{"start":{"line":10,"column":8},"end":{"line":10,"column":62}},"6":{"start":{"line":11,"column":12},"end":{"line":17,"column":7}},"7":{"start":{"line":12,"column":8},"end":{"line":12,"column":97}},"8":{"start":{"line":13,"column":12},"end":{"line":17,"column":7}},"9":{"start":{"line":14,"column":8},"end":{"line":14,"column":79}},"10":{"start":{"line":15,"column":12},"end":{"line":17,"column":7}},"11":{"start":{"line":16,"column":8},"end":{"line":16,"column":78}},"12":{"start":{"line":21,"column":0},"end":{"line":21,"column":35}}},"fnMap":{"0":{"name":"productValidate","decl":{"start":{"line":4,"column":9},"end":{"line":4,"column":24}},"loc":{"start":{"line":4,"column":72},"end":{"line":19,"column":1}}}},"branchMap":{"0":{"loc":{"start":{"line":9,"column":6},"end":{"line":17,"column":7}},"type":"if","locations":[{"start":{"line":9,"column":6},"end":{"line":17,"column":7}},{"start":{"line":11,"column":12},"end":{"line":17,"column":7}}]},"1":{"loc":{"start":{"line":11,"column":12},"end":{"line":17,"column":7}},"type":"if","locations":[{"start":{"line":11,"column":12},"end":{"line":17,"column":7}},{"start":{"line":13,"column":12},"end":{"line":17,"column":7}}]},"2":{"loc":{"start":{"line":13,"column":12},"end":{"line":17,"column":7}},"type":"if","locations":[{"start":{"line":13,"column":12},"end":{"line":17,"column":7}},{"start":{"line":15,"column":12},"end":{"line":17,"column":7}}]},"3":{"loc":{"start":{"line":15,"column":12},"end":{"line":17,"column":7}},"type":"if","locations":[{"start":{"line":15,"column":12},"end":{"line":17,"column":7}}]}},"s":{"0":0,"1":0,"2":0,"3":0,"4":0,"5":0,"6":0,"7":0,"8":0,"9":0,"10":0,"11":0,"12":0},"f":{"0":0},"b":{"0":[0,0],"1":[0,0],"2":[0,0],"3":[0]}}
,"C:\\Users\\M05L02\\Documents\\Fatec\\Bocadinhos\\Arrumando\\Bocadinhos\\src\\migrations\\1725308830467-migration.ts": {"path":"C:\\Users\\M05L02\\Documents\\Fatec\\Bocadinhos\\Arrumando\\Bocadinhos\\src\\migrations\\1725308830467-migration.ts","statementMap":{"0":{"start":{"line":1,"column":0},"end":{"line":1,"column":65}},"1":{"start":{"line":6,"column":8},"end":{"line":22,"column":18}},"2":{"start":{"line":26,"column":8},"end":{"line":26,"column":48}},"3":{"start":{"line":3,"column":0},"end":{"line":3,"column":13}}},"fnMap":{"0":{"name":"(anonymous_7)","decl":{"start":{"line":5,"column":17},"end":{"line":5,"column":19}},"loc":{"start":{"line":5,"column":44},"end":{"line":23,"column":null}}},"1":{"name":"(anonymous_9)","decl":{"start":{"line":25,"column":17},"end":{"line":25,"column":21}},"loc":{"start":{"line":25,"column":46},"end":{"line":27,"column":null}}}},"branchMap":{},"s":{"0":0,"1":0,"2":0,"3":0},"f":{"0":0,"1":0},"b":{}}
,"C:\\Users\\M05L02\\Documents\\Fatec\\Bocadinhos\\Arrumando\\Bocadinhos\\src\\migrations\\1725308851903-migration.ts": {"path":"C:\\Users\\M05L02\\Documents\\Fatec\\Bocadinhos\\Arrumando\\Bocadinhos\\src\\migrations\\1725308851903-migration.ts","statementMap":{"0":{"start":{"line":1,"column":0},"end":{"line":1,"column":82}},"1":{"start":{"line":6,"column":8},"end":{"line":43,"column":18}},"2":{"start":{"line":45,"column":8},"end":{"line":50,"column":12}},"3":{"start":{"line":54,"column":8},"end":{"line":54,"column":75}},"4":{"start":{"line":55,"column":8},"end":{"line":55,"column":47}},"5":{"start":{"line":3,"column":0},"end":{"line":3,"column":13}}},"fnMap":{"0":{"name":"(anonymous_7)","decl":{"start":{"line":5,"column":17},"end":{"line":5,"column":19}},"loc":{"start":{"line":5,"column":44},"end":{"line":51,"column":null}}},"1":{"name":"(anonymous_9)","decl":{"start":{"line":53,"column":17},"end":{"line":53,"column":21}},"loc":{"start":{"line":53,"column":46},"end":{"line":56,"column":null}}}},"branchMap":{},"s":{"0":0,"1":0,"2":0,"3":0,"4":0,"5":0},"f":{"0":0,"1":0},"b":{}}
,"C:\\Users\\M05L02\\Documents\\Fatec\\Bocadinhos\\Arrumando\\Bocadinhos\\src\\repositories\\CategoryRepository.ts": {"path":"C:\\Users\\M05L02\\Documents\\Fatec\\Bocadinhos\\Arrumando\\Bocadinhos\\src\\repositories\\CategoryRepository.ts","statementMap":{"0":{"start":{"line":1,"column":0},"end":{"line":1,"column":49}},"1":{"start":{"line":2,"column":0},"end":{"line":2,"column":46}},"2":{"start":{"line":6,"column":4},"end":{"line":6,"column":54}},"3":{"start":{"line":10,"column":4},"end":{"line":12,"column":17}},"4":{"start":{"line":4,"column":0},"end":{"line":4,"column":13}}},"fnMap":{"0":{"name":"(anonymous_7)","decl":{"start":{"line":5,"column":2},"end":{"line":5,"column":14}},"loc":{"start":{"line":5,"column":36},"end":{"line":7,"column":3}}},"1":{"name":"(anonymous_8)","decl":{"start":{"line":9,"column":15},"end":{"line":9,"column":25}},"loc":{"start":{"line":9,"column":38},"end":{"line":13,"column":null}}}},"branchMap":{},"s":{"0":1,"1":1,"2":0,"3":0,"4":1},"f":{"0":0,"1":0},"b":{}}
,"C:\\Users\\M05L02\\Documents\\Fatec\\Bocadinhos\\Arrumando\\Bocadinhos\\src\\repositories\\ProductRepository.ts": {"path":"C:\\Users\\M05L02\\Documents\\Fatec\\Bocadinhos\\Arrumando\\Bocadinhos\\src\\repositories\\ProductRepository.ts","statementMap":{"0":{"start":{"line":1,"column":0},"end":{"line":1,"column":49}},"1":{"start":{"line":2,"column":0},"end":{"line":2,"column":44}},"2":{"start":{"line":7,"column":8},"end":{"line":7,"column":57}},"3":{"start":{"line":11,"column":8},"end":{"line":13,"column":23}},"4":{"start":{"line":17,"column":8},"end":{"line":20,"column":23}},"5":{"start":{"line":4,"column":0},"end":{"line":4,"column":13}}},"fnMap":{"0":{"name":"(anonymous_7)","decl":{"start":{"line":6,"column":4},"end":{"line":6,"column":16}},"loc":{"start":{"line":6,"column":38},"end":{"line":8,"column":5}}},"1":{"name":"(anonymous_8)","decl":{"start":{"line":10,"column":17},"end":{"line":10,"column":27}},"loc":{"start":{"line":10,"column":40},"end":{"line":14,"column":null}}},"2":{"name":"(anonymous_10)","decl":{"start":{"line":16,"column":17},"end":{"line":16,"column":31}},"loc":{"start":{"line":16,"column":48},"end":{"line":21,"column":null}}}},"branchMap":{},"s":{"0":1,"1":1,"2":0,"3":0,"4":0,"5":1},"f":{"0":0,"1":0,"2":0},"b":{}}
,"C:\\Users\\M05L02\\Documents\\Fatec\\Bocadinhos\\Arrumando\\Bocadinhos\\src\\routes\\CategoryRoutes.ts": {"path":"C:\\Users\\M05L02\\Documents\\Fatec\\Bocadinhos\\Arrumando\\Bocadinhos\\src\\routes\\CategoryRoutes.ts","statementMap":{"0":{"start":{"line":1,"column":0},"end":{"line":1,"column":33}},"1":{"start":{"line":2,"column":0},"end":{"line":2,"column":46}},"2":{"start":{"line":3,"column":0},"end":{"line":3,"column":66}},"3":{"start":{"line":4,"column":0},"end":{"line":4,"column":66}},"4":{"start":{"line":6,"column":15},"end":{"line":6,"column":23}},"5":{"start":{"line":7,"column":19},"end":{"line":7,"column":32}},"6":{"start":{"line":8,"column":27},"end":{"line":8,"column":61}},"7":{"start":{"line":10,"column":0},"end":{"line":10,"column":114}},"8":{"start":{"line":10,"column":69},"end":{"line":10,"column":112}},"9":{"start":{"line":11,"column":0},"end":{"line":11,"column":78}},"10":{"start":{"line":11,"column":30},"end":{"line":11,"column":76}},"11":{"start":{"line":12,"column":0},"end":{"line":12,"column":126}},"12":{"start":{"line":12,"column":68},"end":{"line":12,"column":124}},"13":{"start":{"line":14,"column":0},"end":{"line":14,"column":22}}},"fnMap":{"0":{"name":"(anonymous_1)","decl":{"start":{"line":10,"column":55},"end":{"line":10,"column":56}},"loc":{"start":{"line":10,"column":69},"end":{"line":10,"column":112}}},"1":{"name":"(anonymous_2)","decl":{"start":{"line":11,"column":16},"end":{"line":11,"column":17}},"loc":{"start":{"line":11,"column":30},"end":{"line":11,"column":76}}},"2":{"name":"(anonymous_3)","decl":{"start":{"line":12,"column":54},"end":{"line":12,"column":55}},"loc":{"start":{"line":12,"column":68},"end":{"line":12,"column":124}}}},"branchMap":{},"s":{"0":0,"1":0,"2":0,"3":0,"4":0,"5":0,"6":0,"7":0,"8":0,"9":0,"10":0,"11":0,"12":0,"13":0},"f":{"0":0,"1":0,"2":0},"b":{}}
,"C:\\Users\\M05L02\\Documents\\Fatec\\Bocadinhos\\Arrumando\\Bocadinhos\\src\\routes\\ProductRoutes.ts": {"path":"C:\\Users\\M05L02\\Documents\\Fatec\\Bocadinhos\\Arrumando\\Bocadinhos\\src\\routes\\ProductRoutes.ts","statementMap":{"0":{"start":{"line":1,"column":0},"end":{"line":1,"column":33}},"1":{"start":{"line":2,"column":0},"end":{"line":2,"column":65}},"2":{"start":{"line":3,"column":0},"end":{"line":3,"column":46}},"3":{"start":{"line":4,"column":0},"end":{"line":4,"column":64}},"4":{"start":{"line":6,"column":15},"end":{"line":6,"column":23}},"5":{"start":{"line":7,"column":19},"end":{"line":7,"column":32}},"6":{"start":{"line":8,"column":27},"end":{"line":8,"column":61}},"7":{"start":{"line":10,"column":0},"end":{"line":10,"column":110}},"8":{"start":{"line":10,"column":66},"end":{"line":10,"column":108}},"9":{"start":{"line":11,"column":0},"end":{"line":11,"column":76}},"10":{"start":{"line":11,"column":30},"end":{"line":11,"column":74}},"11":{"start":{"line":12,"column":0},"end":{"line":12,"column":79}},"12":{"start":{"line":12,"column":33},"end":{"line":12,"column":77}},"13":{"start":{"line":13,"column":0},"end":{"line":13,"column":77}},"14":{"start":{"line":13,"column":33},"end":{"line":13,"column":75}},"15":{"start":{"line":14,"column":0},"end":{"line":14,"column":80}},"16":{"start":{"line":14,"column":36},"end":{"line":14,"column":78}},"17":{"start":{"line":16,"column":0},"end":{"line":16,"column":22}}},"fnMap":{"0":{"name":"(anonymous_1)","decl":{"start":{"line":10,"column":52},"end":{"line":10,"column":53}},"loc":{"start":{"line":10,"column":66},"end":{"line":10,"column":108}}},"1":{"name":"(anonymous_2)","decl":{"start":{"line":11,"column":16},"end":{"line":11,"column":17}},"loc":{"start":{"line":11,"column":30},"end":{"line":11,"column":74}}},"2":{"name":"(anonymous_3)","decl":{"start":{"line":12,"column":19},"end":{"line":12,"column":20}},"loc":{"start":{"line":12,"column":33},"end":{"line":12,"column":77}}},"3":{"name":"(anonymous_4)","decl":{"start":{"line":13,"column":19},"end":{"line":13,"column":20}},"loc":{"start":{"line":13,"column":33},"end":{"line":13,"column":75}}},"4":{"name":"(anonymous_5)","decl":{"start":{"line":14,"column":22},"end":{"line":14,"column":23}},"loc":{"start":{"line":14,"column":36},"end":{"line":14,"column":78}}}},"branchMap":{},"s":{"0":0,"1":0,"2":0,"3":0,"4":0,"5":0,"6":0,"7":0,"8":0,"9":0,"10":0,"11":0,"12":0,"13":0,"14":0,"15":0,"16":0,"17":0},"f":{"0":0,"1":0,"2":0,"3":0,"4":0},"b":{}}
,"C:\\Users\\M05L02\\Documents\\Fatec\\Bocadinhos\\Arrumando\\Bocadinhos\\src\\service\\CategoryService.ts": {"path":"C:\\Users\\M05L02\\Documents\\Fatec\\Bocadinhos\\Arrumando\\Bocadinhos\\src\\service\\CategoryService.ts","statementMap":{"0":{"start":{"line":2,"column":0},"end":{"line":2,"column":72}},"1":{"start":{"line":3,"column":0},"end":{"line":3,"column":70}},"2":{"start":{"line":10,"column":4},"end":{"line":10,"column":63}},"3":{"start":{"line":11,"column":4},"end":{"line":11,"column":65}},"4":{"start":{"line":15,"column":26},"end":{"line":17,"column":6}},"5":{"start":{"line":18,"column":4},"end":{"line":18,"column":25}},"6":{"start":{"line":22,"column":23},"end":{"line":22,"column":59}},"7":{"start":{"line":23,"column":4},"end":{"line":23,"column":22}},"8":{"start":{"line":27,"column":21},"end":{"line":27,"column":70}},"9":{"start":{"line":28,"column":4},"end":{"line":28,"column":20}},"10":{"start":{"line":32,"column":0},"end":{"line":32,"column":31}}},"fnMap":{"0":{"name":"(anonymous_7)","decl":{"start":{"line":9,"column":2},"end":{"line":9,"column":14}},"loc":{"start":{"line":9,"column":36},"end":{"line":12,"column":3}}},"1":{"name":"(anonymous_8)","decl":{"start":{"line":14,"column":8},"end":{"line":14,"column":22}},"loc":{"start":{"line":14,"column":34},"end":{"line":19,"column":null}}},"2":{"name":"(anonymous_10)","decl":{"start":{"line":21,"column":8},"end":{"line":21,"column":25}},"loc":{"start":{"line":21,"column":25},"end":{"line":24,"column":null}}},"3":{"name":"(anonymous_12)","decl":{"start":{"line":26,"column":8},"end":{"line":26,"column":35}},"loc":{"start":{"line":26,"column":48},"end":{"line":29,"column":null}}}},"branchMap":{},"s":{"0":2,"1":2,"2":3,"3":3,"4":1,"5":1,"6":1,"7":1,"8":1,"9":1,"10":2},"f":{"0":3,"1":1,"2":1,"3":1},"b":{}}
,"C:\\Users\\M05L02\\Documents\\Fatec\\Bocadinhos\\Arrumando\\Bocadinhos\\src\\service\\ProductService.ts": {"path":"C:\\Users\\M05L02\\Documents\\Fatec\\Bocadinhos\\Arrumando\\Bocadinhos\\src\\service\\ProductService.ts","statementMap":{"0":{"start":{"line":2,"column":0},"end":{"line":2,"column":72}},"1":{"start":{"line":3,"column":0},"end":{"line":3,"column":70}},"2":{"start":{"line":10,"column":4},"end":{"line":10,"column":63}},"3":{"start":{"line":11,"column":4},"end":{"line":11,"column":65}},"4":{"start":{"line":15,"column":21},"end":{"line":15,"column":63}},"5":{"start":{"line":17,"column":25},"end":{"line":23,"column":6}},"6":{"start":{"line":25,"column":4},"end":{"line":25,"column":24}},"7":{"start":{"line":29,"column":20},"end":{"line":29,"column":75}},"8":{"start":{"line":30,"column":4},"end":{"line":30,"column":19}},"9":{"start":{"line":34,"column":21},"end":{"line":34,"column":56}},"10":{"start":{"line":35,"column":4},"end":{"line":35,"column":20}},"11":{"start":{"line":39,"column":20},"end":{"line":39,"column":75}},"12":{"start":{"line":40,"column":4},"end":{"line":42,"column":5}},"13":{"start":{"line":41,"column":6},"end":{"line":41,"column":43}},"14":{"start":{"line":43,"column":25},"end":{"line":49,"column":null}},"15":{"start":{"line":51,"column":4},"end":{"line":51,"column":24}},"16":{"start":{"line":55,"column":20},"end":{"line":55,"column":75}},"17":{"start":{"line":56,"column":4},"end":{"line":58,"column":5}},"18":{"start":{"line":57,"column":6},"end":{"line":57,"column":43}},"19":{"start":{"line":59,"column":4},"end":{"line":59,"column":49}},"20":{"start":{"line":60,"column":4},"end":{"line":60,"column":16}},"21":{"start":{"line":64,"column":23},"end":{"line":64,"column":69}},"22":{"start":{"line":66,"column":4},"end":{"line":68,"column":5}},"23":{"start":{"line":67,"column":6},"end":{"line":67,"column":44}},"24":{"start":{"line":70,"column":4},"end":{"line":70,"column":25}},"25":{"start":{"line":74,"column":0},"end":{"line":74,"column":30}}},"fnMap":{"0":{"name":"(anonymous_7)","decl":{"start":{"line":9,"column":2},"end":{"line":9,"column":14}},"loc":{"start":{"line":9,"column":36},"end":{"line":12,"column":3}}},"1":{"name":"(anonymous_8)","decl":{"start":{"line":14,"column":8},"end":{"line":14,"column":21}},"loc":{"start":{"line":14,"column":33},"end":{"line":26,"column":null}}},"2":{"name":"(anonymous_10)","decl":{"start":{"line":28,"column":8},"end":{"line":28,"column":23}},"loc":{"start":{"line":28,"column":34},"end":{"line":31,"column":null}}},"3":{"name":"(anonymous_12)","decl":{"start":{"line":33,"column":8},"end":{"line":33,"column":23}},"loc":{"start":{"line":33,"column":23},"end":{"line":36,"column":null}}},"4":{"name":"(anonymous_14)","decl":{"start":{"line":38,"column":8},"end":{"line":38,"column":21}},"loc":{"start":{"line":38,"column":45},"end":{"line":52,"column":null}}},"5":{"name":"(anonymous_16)","decl":{"start":{"line":54,"column":8},"end":{"line":54,"column":21}},"loc":{"start":{"line":54,"column":32},"end":{"line":61,"column":null}}},"6":{"name":"(anonymous_18)","decl":{"start":{"line":63,"column":16},"end":{"line":63,"column":27}},"loc":{"start":{"line":63,"column":40},"end":{"line":71,"column":null}}}},"branchMap":{"0":{"loc":{"start":{"line":40,"column":4},"end":{"line":42,"column":5}},"type":"if","locations":[{"start":{"line":40,"column":4},"end":{"line":42,"column":5}}]},"1":{"loc":{"start":{"line":56,"column":4},"end":{"line":58,"column":5}},"type":"if","locations":[{"start":{"line":56,"column":4},"end":{"line":58,"column":5}}]},"2":{"loc":{"start":{"line":66,"column":4},"end":{"line":68,"column":5}},"type":"if","locations":[{"start":{"line":66,"column":4},"end":{"line":68,"column":5}}]},"3":{"loc":{"start":{"line":66,"column":8},"end":{"line":66,"column":46}},"type":"binary-expr","locations":[{"start":{"line":66,"column":8},"end":{"line":66,"column":19}},{"start":{"line":66,"column":23},"end":{"line":66,"column":46}}]}},"s":{"0":1,"1":1,"2":9,"3":9,"4":2,"5":1,"6":1,"7":2,"8":2,"9":1,"10":1,"11":2,"12":2,"13":1,"14":1,"15":1,"16":2,"17":2,"18":1,"19":1,"20":1,"21":3,"22":3,"23":1,"24":2,"25":1},"f":{"0":9,"1":2,"2":2,"3":1,"4":2,"5":2,"6":3},"b":{"0":[1],"1":[1],"2":[1],"3":[3,3]}}
}
