TN:
SF:src\DataSource.ts
FN:24,(anonymous_6)
FN:27,(anonymous_7)
FNF:2
FNH:0
FNDA:0,(anonymous_6)
FNDA:0,(anonymous_7)
DA:1,0
DA:2,0
DA:3,0
DA:5,0
DA:7,0
DA:23,0
DA:25,0
DA:28,0
LF:8
LH:0
BRF:0
BRH:0
end_of_record
TN:
SF:src\app.ts
FN:8,(anonymous_1)
FN:13,(anonymous_2)
FNF:2
FNH:0
FNDA:0,(anonymous_1)
FNDA:0,(anonymous_2)
DA:1,0
DA:2,0
DA:3,0
DA:9,0
DA:10,0
DA:14,0
DA:15,0
DA:16,0
DA:20,0
LF:9
LH:0
BRF:0
BRH:0
end_of_record
TN:
SF:src\index.ts
FN:7,(anonymous_8)
FN:7,(anonymous_9)
FN:9,(anonymous_10)
FN:13,(anonymous_11)
FNF:4
FNH:0
FNDA:0,(anonymous_8)
FNDA:0,(anonymous_9)
FNDA:0,(anonymous_10)
FNDA:0,(anonymous_11)
DA:1,0
DA:2,0
DA:3,0
DA:4,0
DA:6,0
DA:7,0
DA:8,0
DA:9,0
DA:10,0
DA:13,0
LF:10
LH:0
BRDA:8,0,0,0
BRDA:8,0,1,0
BRF:2
BRH:0
end_of_record
TN:
SF:src\Schema\CategoryShema.ts
FNF:0
FNH:0
DA:1,0
DA:3,0
DA:7,0
LF:3
LH:0
BRF:0
BRH:0
end_of_record
TN:
SF:src\Schema\ProductShema.ts
FNF:0
FNH:0
DA:1,0
DA:3,0
DA:13,0
LF:3
LH:0
BRF:0
BRH:0
end_of_record
TN:
SF:src\controller\CategoryController.ts
FN:10,(anonymous_8)
FN:14,(anonymous_9)
FN:27,(anonymous_11)
FN:36,(anonymous_13)
FNF:4
FNH:4
FNDA:7,(anonymous_8)
FNDA:3,(anonymous_9)
FNDA:2,(anonymous_11)
FNDA:2,(anonymous_13)
DA:3,1
DA:4,1
DA:6,1
DA:11,7
DA:15,3
DA:16,3
DA:17,1
DA:19,2
DA:20,1
DA:22,1
DA:28,2
DA:29,2
DA:30,1
DA:32,1
DA:37,2
DA:38,2
DA:39,1
DA:41,1
LF:18
LH:18
BRDA:19,0,0,1
BRDA:19,0,1,1
BRF:2
BRH:2
end_of_record
TN:
SF:src\controller\ProductController.ts
FN:10,(anonymous_8)
FN:14,(anonymous_9)
FN:27,(anonymous_11)
FN:37,(anonymous_13)
FN:46,(anonymous_15)
FN:59,(anonymous_17)
FNF:6
FNH:0
FNDA:0,(anonymous_8)
FNDA:0,(anonymous_9)
FNDA:0,(anonymous_11)
FNDA:0,(anonymous_13)
FNDA:0,(anonymous_15)
FNDA:0,(anonymous_17)
DA:2,0
DA:4,0
DA:6,0
DA:11,0
DA:15,0
DA:16,0
DA:17,0
DA:19,0
DA:20,0
DA:22,0
DA:28,0
DA:29,0
DA:30,0
DA:32,0
DA:38,0
DA:39,0
DA:40,0
DA:42,0
DA:47,0
DA:48,0
DA:49,0
DA:51,0
DA:52,0
DA:54,0
DA:60,0
DA:61,0
DA:62,0
DA:64,0
LF:28
LH:0
BRDA:19,0,0,0
BRDA:19,0,1,0
BRDA:51,1,0,0
BRDA:51,1,1,0
BRF:4
BRH:0
end_of_record
TN:
SF:src\entity\Category.ts
FNF:0
FNH:0
DA:1,3
DA:4,3
DA:7,3
DA:10,3
LF:4
LH:4
BRF:0
BRH:0
end_of_record
TN:
SF:src\entity\Product.ts
FN:21,(anonymous_2)
FNF:1
FNH:0
FNDA:0,(anonymous_2)
DA:1,2
DA:2,2
DA:5,2
DA:7,2
DA:10,2
DA:13,2
DA:16,2
DA:19,2
DA:21,0
DA:22,2
LF:10
LH:9
BRF:0
BRH:0
end_of_record
TN:
SF:src\middleware\CategoryMiddleware.ts
FN:4,CategoryValidator
FN:17,categoryName
FNF:2
FNH:0
FNDA:0,CategoryValidator
FNDA:0,categoryName
DA:2,0
DA:5,0
DA:6,0
DA:7,0
DA:9,0
DA:10,0
DA:12,0
DA:18,0
DA:19,0
DA:20,0
DA:21,0
DA:23,0
DA:27,0
LF:13
LH:0
BRDA:9,0,0,0
BRDA:9,0,1,0
BRDA:18,1,0,0
BRDA:18,1,1,0
BRDA:20,2,0,0
BRDA:20,2,1,0
BRF:6
BRH:0
end_of_record
TN:
SF:src\middleware\ProductMiddleware.ts
FN:4,productValidate
FNF:1
FNH:0
FNDA:0,productValidate
DA:2,0
DA:5,0
DA:6,0
DA:7,0
DA:9,0
DA:10,0
DA:11,0
DA:12,0
DA:13,0
DA:14,0
DA:15,0
DA:16,0
DA:21,0
LF:13
LH:0
BRDA:9,0,0,0
BRDA:9,0,1,0
BRDA:11,1,0,0
BRDA:11,1,1,0
BRDA:13,2,0,0
BRDA:13,2,1,0
BRDA:15,3,0,0
BRF:7
BRH:0
end_of_record
TN:
SF:src\migrations\1725308830467-migration.ts
FN:5,(anonymous_7)
FN:25,(anonymous_9)
FNF:2
FNH:0
FNDA:0,(anonymous_7)
FNDA:0,(anonymous_9)
DA:1,0
DA:3,0
DA:6,0
DA:26,0
LF:4
LH:0
BRF:0
BRH:0
end_of_record
TN:
SF:src\migrations\1725308851903-migration.ts
FN:5,(anonymous_7)
FN:53,(anonymous_9)
FNF:2
FNH:0
FNDA:0,(anonymous_7)
FNDA:0,(anonymous_9)
DA:1,0
DA:3,0
DA:6,0
DA:45,0
DA:54,0
DA:55,0
LF:6
LH:0
BRF:0
BRH:0
end_of_record
TN:
SF:src\repositories\CategoryRepository.ts
FN:5,(anonymous_7)
FN:9,(anonymous_8)
FNF:2
FNH:0
FNDA:0,(anonymous_7)
FNDA:0,(anonymous_8)
DA:1,1
DA:2,1
DA:4,1
DA:6,0
DA:10,0
LF:5
LH:3
BRF:0
BRH:0
end_of_record
TN:
SF:src\repositories\ProductRepository.ts
FN:6,(anonymous_7)
FN:10,(anonymous_8)
FN:16,(anonymous_10)
FNF:3
FNH:0
FNDA:0,(anonymous_7)
FNDA:0,(anonymous_8)
FNDA:0,(anonymous_10)
DA:1,1
DA:2,1
DA:4,1
DA:7,0
DA:11,0
DA:17,0
LF:6
LH:3
BRF:0
BRH:0
end_of_record
TN:
SF:src\routes\CategoryRoutes.ts
FN:10,(anonymous_1)
FN:11,(anonymous_2)
FN:12,(anonymous_3)
FNF:3
FNH:0
FNDA:0,(anonymous_1)
FNDA:0,(anonymous_2)
FNDA:0,(anonymous_3)
DA:1,0
DA:2,0
DA:3,0
DA:4,0
DA:6,0
DA:7,0
DA:8,0
DA:10,0
DA:11,0
DA:12,0
DA:14,0
LF:11
LH:0
BRF:0
BRH:0
end_of_record
TN:
SF:src\routes\ProductRoutes.ts
FN:10,(anonymous_1)
FN:11,(anonymous_2)
FN:12,(anonymous_3)
FN:13,(anonymous_4)
FN:14,(anonymous_5)
FNF:5
FNH:0
FNDA:0,(anonymous_1)
FNDA:0,(anonymous_2)
FNDA:0,(anonymous_3)
FNDA:0,(anonymous_4)
FNDA:0,(anonymous_5)
DA:1,0
DA:2,0
DA:3,0
DA:4,0
DA:6,0
DA:7,0
DA:8,0
DA:10,0
DA:11,0
DA:12,0
DA:13,0
DA:14,0
DA:16,0
LF:13
LH:0
BRF:0
BRH:0
end_of_record
TN:
SF:src\service\CategoryService.ts
FN:9,(anonymous_7)
FN:14,(anonymous_8)
FN:21,(anonymous_10)
FN:26,(anonymous_12)
FNF:4
FNH:4
FNDA:3,(anonymous_7)
FNDA:1,(anonymous_8)
FNDA:1,(anonymous_10)
FNDA:1,(anonymous_12)
DA:2,2
DA:3,2
DA:10,3
DA:11,3
DA:15,1
DA:18,1
DA:22,1
DA:23,1
DA:27,1
DA:28,1
DA:32,2
LF:11
LH:11
BRF:0
BRH:0
end_of_record
TN:
SF:src\service\ProductService.ts
FN:9,(anonymous_7)
FN:14,(anonymous_8)
FN:28,(anonymous_10)
FN:33,(anonymous_12)
FN:38,(anonymous_14)
FN:54,(anonymous_16)
FN:63,(anonymous_18)
FNF:7
FNH:7
FNDA:9,(anonymous_7)
FNDA:2,(anonymous_8)
FNDA:2,(anonymous_10)
FNDA:1,(anonymous_12)
FNDA:2,(anonymous_14)
FNDA:2,(anonymous_16)
FNDA:3,(anonymous_18)
DA:2,1
DA:3,1
DA:10,9
DA:11,9
DA:15,2
DA:17,1
DA:25,1
DA:29,2
DA:30,2
DA:34,1
DA:35,1
DA:39,2
DA:40,2
DA:41,1
DA:43,1
DA:51,1
DA:55,2
DA:56,2
DA:57,1
DA:59,1
DA:60,1
DA:64,3
DA:66,3
DA:67,1
DA:70,2
DA:74,1
LF:26
LH:26
BRDA:40,0,0,1
BRDA:56,1,0,1
BRDA:66,2,0,1
BRDA:66,3,0,3
BRDA:66,3,1,3
BRF:5
BRH:5
end_of_record
